mrmh0 ../../TIMIT_corpus/timit_wav8000htkfeature/mrmh0_sa1.htk
mrmh0 ../../TIMIT_corpus/timit_wav8000htkfeature/mrmh0_sa2.htk
mrmh0 ../../TIMIT_corpus/timit_wav8000htkfeature/mrmh0_si1021.htk
mrmh0 ../../TIMIT_corpus/timit_wav8000htkfeature/mrmh0_si1349.htk
mrmh0 ../../TIMIT_corpus/timit_wav8000htkfeature/mrmh0_si2281.htk
mrmh0 ../../TIMIT_corpus/timit_wav8000htkfeature/mrmh0_sx121.htk
mrmh0 ../../TIMIT_corpus/timit_wav8000htkfeature/mrmh0_sx211.htk
mrmh0 ../../TIMIT_corpus/timit_wav8000htkfeature/mrmh0_sx301.htk
mrmh0 ../../TIMIT_corpus/timit_wav8000htkfeature/mrmh0_sx31.htk
mrml0 ../../TIMIT_corpus/timit_wav8000htkfeature/mrml0_sa1.htk
mrml0 ../../TIMIT_corpus/timit_wav8000htkfeature/mrml0_sa2.htk
mrml0 ../../TIMIT_corpus/timit_wav8000htkfeature/mrml0_si1421.htk
mrml0 ../../TIMIT_corpus/timit_wav8000htkfeature/mrml0_si2051.htk
mrml0 ../../TIMIT_corpus/timit_wav8000htkfeature/mrml0_si791.htk
mrml0 ../../TIMIT_corpus/timit_wav8000htkfeature/mrml0_sx161.htk
mrml0 ../../TIMIT_corpus/timit_wav8000htkfeature/mrml0_sx251.htk
mrml0 ../../TIMIT_corpus/timit_wav8000htkfeature/mrml0_sx341.htk
mrml0 ../../TIMIT_corpus/timit_wav8000htkfeature/mrml0_sx431.htk
mrms0 ../../TIMIT_corpus/timit_wav8000htkfeature/mrms0_sa1.htk
mrms0 ../../TIMIT_corpus/timit_wav8000htkfeature/mrms0_sa2.htk
mrms0 ../../TIMIT_corpus/timit_wav8000htkfeature/mrms0_si1113.htk
mrms0 ../../TIMIT_corpus/timit_wav8000htkfeature/mrms0_si2057.htk
mrms0 ../../TIMIT_corpus/timit_wav8000htkfeature/mrms0_si2100.htk
mrms0 ../../TIMIT_corpus/timit_wav8000htkfeature/mrms0_sx120.htk
mrms0 ../../TIMIT_corpus/timit_wav8000htkfeature/mrms0_sx210.htk
mrms0 ../../TIMIT_corpus/timit_wav8000htkfeature/mrms0_sx30.htk
mrms0 ../../TIMIT_corpus/timit_wav8000htkfeature/mrms0_sx300.htk
mrms1 ../../TIMIT_corpus/timit_wav8000htkfeature/mrms1_sa1.htk
mrms1 ../../TIMIT_corpus/timit_wav8000htkfeature/mrms1_sa2.htk
mrms1 ../../TIMIT_corpus/timit_wav8000htkfeature/mrms1_si1487.htk
mrms1 ../../TIMIT_corpus/timit_wav8000htkfeature/mrms1_si2117.htk
mrms1 ../../TIMIT_corpus/timit_wav8000htkfeature/mrms1_si857.htk
mrms1 ../../TIMIT_corpus/timit_wav8000htkfeature/mrms1_sx137.htk
mrms1 ../../TIMIT_corpus/timit_wav8000htkfeature/mrms1_sx227.htk
mrms1 ../../TIMIT_corpus/timit_wav8000htkfeature/mrms1_sx317.htk
mrms1 ../../TIMIT_corpus/timit_wav8000htkfeature/mrms1_sx407.htk
mroa0 ../../TIMIT_corpus/timit_wav8000htkfeature/mroa0_sa1.htk
mroa0 ../../TIMIT_corpus/timit_wav8000htkfeature/mroa0_sa2.htk
mroa0 ../../TIMIT_corpus/timit_wav8000htkfeature/mroa0_si1307.htk
mroa0 ../../TIMIT_corpus/timit_wav8000htkfeature/mroa0_si1970.htk
mroa0 ../../TIMIT_corpus/timit_wav8000htkfeature/mroa0_si677.htk
mroa0 ../../TIMIT_corpus/timit_wav8000htkfeature/mroa0_sx137.htk
mroa0 ../../TIMIT_corpus/timit_wav8000htkfeature/mroa0_sx227.htk
mroa0 ../../TIMIT_corpus/timit_wav8000htkfeature/mroa0_sx317.htk
mroa0 ../../TIMIT_corpus/timit_wav8000htkfeature/mroa0_sx407.htk
mrpc0 ../../TIMIT_corpus/timit_wav8000htkfeature/mrpc0_sa1.htk
mrpc0 ../../TIMIT_corpus/timit_wav8000htkfeature/mrpc0_sa2.htk
mrpc0 ../../TIMIT_corpus/timit_wav8000htkfeature/mrpc0_si1753.htk
mrpc0 ../../TIMIT_corpus/timit_wav8000htkfeature/mrpc0_si493.htk
mrpc0 ../../TIMIT_corpus/timit_wav8000htkfeature/mrpc0_si933.htk
mrpc0 ../../TIMIT_corpus/timit_wav8000htkfeature/mrpc0_sx133.htk
mrpc0 ../../TIMIT_corpus/timit_wav8000htkfeature/mrpc0_sx223.htk
mrpc0 ../../TIMIT_corpus/timit_wav8000htkfeature/mrpc0_sx313.htk
mrpc0 ../../TIMIT_corpus/timit_wav8000htkfeature/mrpc0_sx403.htk
mrpc1 ../../TIMIT_corpus/timit_wav8000htkfeature/mrpc1_sa1.htk
mrpc1 ../../TIMIT_corpus/timit_wav8000htkfeature/mrpc1_sa2.htk
mrpc1 ../../TIMIT_corpus/timit_wav8000htkfeature/mrpc1_si1482.htk
mrpc1 ../../TIMIT_corpus/timit_wav8000htkfeature/mrpc1_si2026.htk
mrpc1 ../../TIMIT_corpus/timit_wav8000htkfeature/mrpc1_si2112.htk
mrpc1 ../../TIMIT_corpus/timit_wav8000htkfeature/mrpc1_sx132.htk
mrpc1 ../../TIMIT_corpus/timit_wav8000htkfeature/mrpc1_sx222.htk
mrpc1 ../../TIMIT_corpus/timit_wav8000htkfeature/mrpc1_sx312.htk
mrpc1 ../../TIMIT_corpus/timit_wav8000htkfeature/mrpc1_sx402.htk
mrpp0 ../../TIMIT_corpus/timit_wav8000htkfeature/mrpp0_sa1.htk
mrpp0 ../../TIMIT_corpus/timit_wav8000htkfeature/mrpp0_sa2.htk
mrpp0 ../../TIMIT_corpus/timit_wav8000htkfeature/mrpp0_si1184.htk
mrpp0 ../../TIMIT_corpus/timit_wav8000htkfeature/mrpp0_si1814.htk
mrpp0 ../../TIMIT_corpus/timit_wav8000htkfeature/mrpp0_si554.htk
mrpp0 ../../TIMIT_corpus/timit_wav8000htkfeature/mrpp0_sx104.htk
mrpp0 ../../TIMIT_corpus/timit_wav8000htkfeature/mrpp0_sx14.htk
mrpp0 ../../TIMIT_corpus/timit_wav8000htkfeature/mrpp0_sx194.htk
mrpp0 ../../TIMIT_corpus/timit_wav8000htkfeature/mrpp0_sx284.htk
mrre0 ../../TIMIT_corpus/timit_wav8000htkfeature/mrre0_sa1.htk
mrre0 ../../TIMIT_corpus/timit_wav8000htkfeature/mrre0_sa2.htk
mrre0 ../../TIMIT_corpus/timit_wav8000htkfeature/mrre0_si1334.htk
mrre0 ../../TIMIT_corpus/timit_wav8000htkfeature/mrre0_si704.htk
mrre0 ../../TIMIT_corpus/timit_wav8000htkfeature/mrre0_si952.htk
mrre0 ../../TIMIT_corpus/timit_wav8000htkfeature/mrre0_sx164.htk
mrre0 ../../TIMIT_corpus/timit_wav8000htkfeature/mrre0_sx254.htk
mrre0 ../../TIMIT_corpus/timit_wav8000htkfeature/mrre0_sx344.htk
mrre0 ../../TIMIT_corpus/timit_wav8000htkfeature/mrre0_sx434.htk
mrrk0 ../../TIMIT_corpus/timit_wav8000htkfeature/mrrk0_sa1.htk
mrrk0 ../../TIMIT_corpus/timit_wav8000htkfeature/mrrk0_sa2.htk
mrrk0 ../../TIMIT_corpus/timit_wav8000htkfeature/mrrk0_si1288.htk
mrrk0 ../../TIMIT_corpus/timit_wav8000htkfeature/mrrk0_si1716.htk
mrrk0 ../../TIMIT_corpus/timit_wav8000htkfeature/mrrk0_si1918.htk
mrrk0 ../../TIMIT_corpus/timit_wav8000htkfeature/mrrk0_sx118.htk
mrrk0 ../../TIMIT_corpus/timit_wav8000htkfeature/mrrk0_sx208.htk
mrrk0 ../../TIMIT_corpus/timit_wav8000htkfeature/mrrk0_sx28.htk
mrrk0 ../../TIMIT_corpus/timit_wav8000htkfeature/mrrk0_sx298.htk
mrso0 ../../TIMIT_corpus/timit_wav8000htkfeature/mrso0_sa1.htk
mrso0 ../../TIMIT_corpus/timit_wav8000htkfeature/mrso0_sa2.htk
mrso0 ../../TIMIT_corpus/timit_wav8000htkfeature/mrso0_si1206.htk
mrso0 ../../TIMIT_corpus/timit_wav8000htkfeature/mrso0_si1659.htk
mrso0 ../../TIMIT_corpus/timit_wav8000htkfeature/mrso0_si2289.htk
mrso0 ../../TIMIT_corpus/timit_wav8000htkfeature/mrso0_sx129.htk
mrso0 ../../TIMIT_corpus/timit_wav8000htkfeature/mrso0_sx219.htk
mrso0 ../../TIMIT_corpus/timit_wav8000htkfeature/mrso0_sx309.htk
mrso0 ../../TIMIT_corpus/timit_wav8000htkfeature/mrso0_sx39.htk
mrsp0 ../../TIMIT_corpus/timit_wav8000htkfeature/mrsp0_sa1.htk
mrsp0 ../../TIMIT_corpus/timit_wav8000htkfeature/mrsp0_sa2.htk
mrsp0 ../../TIMIT_corpus/timit_wav8000htkfeature/mrsp0_si1429.htk
mrsp0 ../../TIMIT_corpus/timit_wav8000htkfeature/mrsp0_si2059.htk
mrsp0 ../../TIMIT_corpus/timit_wav8000htkfeature/mrsp0_si799.htk
mrsp0 ../../TIMIT_corpus/timit_wav8000htkfeature/mrsp0_sx169.htk
mrsp0 ../../TIMIT_corpus/timit_wav8000htkfeature/mrsp0_sx196.htk
mrsp0 ../../TIMIT_corpus/timit_wav8000htkfeature/mrsp0_sx259.htk
mrsp0 ../../TIMIT_corpus/timit_wav8000htkfeature/mrsp0_sx439.htk
mrtc0 ../../TIMIT_corpus/timit_wav8000htkfeature/mrtc0_sa1.htk
mrtc0 ../../TIMIT_corpus/timit_wav8000htkfeature/mrtc0_sa2.htk
mrtc0 ../../TIMIT_corpus/timit_wav8000htkfeature/mrtc0_si1458.htk
mrtc0 ../../TIMIT_corpus/timit_wav8000htkfeature/mrtc0_si2088.htk
mrtc0 ../../TIMIT_corpus/timit_wav8000htkfeature/mrtc0_si828.htk
mrtc0 ../../TIMIT_corpus/timit_wav8000htkfeature/mrtc0_sx108.htk
mrtc0 ../../TIMIT_corpus/timit_wav8000htkfeature/mrtc0_sx18.htk
mrtc0 ../../TIMIT_corpus/timit_wav8000htkfeature/mrtc0_sx198.htk
mrtc0 ../../TIMIT_corpus/timit_wav8000htkfeature/mrtc0_sx288.htk
mrtj0 ../../TIMIT_corpus/timit_wav8000htkfeature/mrtj0_sa1.htk
mrtj0 ../../TIMIT_corpus/timit_wav8000htkfeature/mrtj0_sa2.htk
mrtj0 ../../TIMIT_corpus/timit_wav8000htkfeature/mrtj0_si1551.htk
mrtj0 ../../TIMIT_corpus/timit_wav8000htkfeature/mrtj0_si2032.htk
mrtj0 ../../TIMIT_corpus/timit_wav8000htkfeature/mrtj0_si772.htk
mrtj0 ../../TIMIT_corpus/timit_wav8000htkfeature/mrtj0_sx142.htk
mrtj0 ../../TIMIT_corpus/timit_wav8000htkfeature/mrtj0_sx232.htk
mrtj0 ../../TIMIT_corpus/timit_wav8000htkfeature/mrtj0_sx322.htk
mrtj0 ../../TIMIT_corpus/timit_wav8000htkfeature/mrtj0_sx412.htk
mrtk0 ../../TIMIT_corpus/timit_wav8000htkfeature/mrtk0_sa1.htk
mrtk0 ../../TIMIT_corpus/timit_wav8000htkfeature/mrtk0_sa2.htk
mrtk0 ../../TIMIT_corpus/timit_wav8000htkfeature/mrtk0_si1093.htk
mrtk0 ../../TIMIT_corpus/timit_wav8000htkfeature/mrtk0_si1723.htk
mrtk0 ../../TIMIT_corpus/timit_wav8000htkfeature/mrtk0_si1750.htk
mrtk0 ../../TIMIT_corpus/timit_wav8000htkfeature/mrtk0_sx103.htk
mrtk0 ../../TIMIT_corpus/timit_wav8000htkfeature/mrtk0_sx13.htk
mrtk0 ../../TIMIT_corpus/timit_wav8000htkfeature/mrtk0_sx193.htk
mrtk0 ../../TIMIT_corpus/timit_wav8000htkfeature/mrtk0_sx283.htk
mrvg0 ../../TIMIT_corpus/timit_wav8000htkfeature/mrvg0_sa1.htk
mrvg0 ../../TIMIT_corpus/timit_wav8000htkfeature/mrvg0_sa2.htk
mrvg0 ../../TIMIT_corpus/timit_wav8000htkfeature/mrvg0_si1140.htk
mrvg0 ../../TIMIT_corpus/timit_wav8000htkfeature/mrvg0_si1770.htk
mrvg0 ../../TIMIT_corpus/timit_wav8000htkfeature/mrvg0_si510.htk
mrvg0 ../../TIMIT_corpus/timit_wav8000htkfeature/mrvg0_sx150.htk
mrvg0 ../../TIMIT_corpus/timit_wav8000htkfeature/mrvg0_sx240.htk
mrvg0 ../../TIMIT_corpus/timit_wav8000htkfeature/mrvg0_sx330.htk
mrvg0 ../../TIMIT_corpus/timit_wav8000htkfeature/mrvg0_sx420.htk
mrwa0 ../../TIMIT_corpus/timit_wav8000htkfeature/mrwa0_sa1.htk
mrwa0 ../../TIMIT_corpus/timit_wav8000htkfeature/mrwa0_sa2.htk
mrwa0 ../../TIMIT_corpus/timit_wav8000htkfeature/mrwa0_si1603.htk
mrwa0 ../../TIMIT_corpus/timit_wav8000htkfeature/mrwa0_si2233.htk
mrwa0 ../../TIMIT_corpus/timit_wav8000htkfeature/mrwa0_si973.htk
mrwa0 ../../TIMIT_corpus/timit_wav8000htkfeature/mrwa0_sx163.htk
mrwa0 ../../TIMIT_corpus/timit_wav8000htkfeature/mrwa0_sx253.htk
mrwa0 ../../TIMIT_corpus/timit_wav8000htkfeature/mrwa0_sx343.htk
mrwa0 ../../TIMIT_corpus/timit_wav8000htkfeature/mrwa0_sx433.htk
mrws0 ../../TIMIT_corpus/timit_wav8000htkfeature/mrws0_sa1.htk
mrws0 ../../TIMIT_corpus/timit_wav8000htkfeature/mrws0_sa2.htk
mrws0 ../../TIMIT_corpus/timit_wav8000htkfeature/mrws0_si1102.htk
mrws0 ../../TIMIT_corpus/timit_wav8000htkfeature/mrws0_si1732.htk
mrws0 ../../TIMIT_corpus/timit_wav8000htkfeature/mrws0_si472.htk
mrws0 ../../TIMIT_corpus/timit_wav8000htkfeature/mrws0_sx112.htk
mrws0 ../../TIMIT_corpus/timit_wav8000htkfeature/mrws0_sx202.htk
mrws0 ../../TIMIT_corpus/timit_wav8000htkfeature/mrws0_sx22.htk
mrws0 ../../TIMIT_corpus/timit_wav8000htkfeature/mrws0_sx292.htk
mrws1 ../../TIMIT_corpus/timit_wav8000htkfeature/mrws1_sa1.htk
mrws1 ../../TIMIT_corpus/timit_wav8000htkfeature/mrws1_sa2.htk
mrws1 ../../TIMIT_corpus/timit_wav8000htkfeature/mrws1_si1130.htk
mrws1 ../../TIMIT_corpus/timit_wav8000htkfeature/mrws1_si1496.htk
mrws1 ../../TIMIT_corpus/timit_wav8000htkfeature/mrws1_si500.htk
mrws1 ../../TIMIT_corpus/timit_wav8000htkfeature/mrws1_sx140.htk
mrws1 ../../TIMIT_corpus/timit_wav8000htkfeature/mrws1_sx230.htk
mrws1 ../../TIMIT_corpus/timit_wav8000htkfeature/mrws1_sx320.htk
mrws1 ../../TIMIT_corpus/timit_wav8000htkfeature/mrws1_sx410.htk
mrxb0 ../../TIMIT_corpus/timit_wav8000htkfeature/mrxb0_sa1.htk
mrxb0 ../../TIMIT_corpus/timit_wav8000htkfeature/mrxb0_sa2.htk
mrxb0 ../../TIMIT_corpus/timit_wav8000htkfeature/mrxb0_si1585.htk
mrxb0 ../../TIMIT_corpus/timit_wav8000htkfeature/mrxb0_si2215.htk
mrxb0 ../../TIMIT_corpus/timit_wav8000htkfeature/mrxb0_si955.htk
mrxb0 ../../TIMIT_corpus/timit_wav8000htkfeature/mrxb0_sx145.htk
mrxb0 ../../TIMIT_corpus/timit_wav8000htkfeature/mrxb0_sx235.htk
mrxb0 ../../TIMIT_corpus/timit_wav8000htkfeature/mrxb0_sx325.htk
mrxb0 ../../TIMIT_corpus/timit_wav8000htkfeature/mrxb0_sx415.htk
msah1 ../../TIMIT_corpus/timit_wav8000htkfeature/msah1_sa1.htk
msah1 ../../TIMIT_corpus/timit_wav8000htkfeature/msah1_sa2.htk
msah1 ../../TIMIT_corpus/timit_wav8000htkfeature/msah1_si1049.htk
msah1 ../../TIMIT_corpus/timit_wav8000htkfeature/msah1_si1679.htk
msah1 ../../TIMIT_corpus/timit_wav8000htkfeature/msah1_si2309.htk
msah1 ../../TIMIT_corpus/timit_wav8000htkfeature/msah1_sx149.htk
msah1 ../../TIMIT_corpus/timit_wav8000htkfeature/msah1_sx239.htk
msah1 ../../TIMIT_corpus/timit_wav8000htkfeature/msah1_sx329.htk
msah1 ../../TIMIT_corpus/timit_wav8000htkfeature/msah1_sx419.htk
msas0 ../../TIMIT_corpus/timit_wav8000htkfeature/msas0_sa1.htk
msas0 ../../TIMIT_corpus/timit_wav8000htkfeature/msas0_sa2.htk
msas0 ../../TIMIT_corpus/timit_wav8000htkfeature/msas0_si1376.htk
msas0 ../../TIMIT_corpus/timit_wav8000htkfeature/msas0_si2006.htk
msas0 ../../TIMIT_corpus/timit_wav8000htkfeature/msas0_si746.htk
msas0 ../../TIMIT_corpus/timit_wav8000htkfeature/msas0_sx116.htk
msas0 ../../TIMIT_corpus/timit_wav8000htkfeature/msas0_sx206.htk
msas0 ../../TIMIT_corpus/timit_wav8000htkfeature/msas0_sx26.htk
msas0 ../../TIMIT_corpus/timit_wav8000htkfeature/msas0_sx296.htk
msat0 ../../TIMIT_corpus/timit_wav8000htkfeature/msat0_sa1.htk
msat0 ../../TIMIT_corpus/timit_wav8000htkfeature/msat0_sa2.htk
msat0 ../../TIMIT_corpus/timit_wav8000htkfeature/msat0_si1526.htk
msat0 ../../TIMIT_corpus/timit_wav8000htkfeature/msat0_si2156.htk
msat0 ../../TIMIT_corpus/timit_wav8000htkfeature/msat0_si896.htk
msat0 ../../TIMIT_corpus/timit_wav8000htkfeature/msat0_sx176.htk
msat0 ../../TIMIT_corpus/timit_wav8000htkfeature/msat0_sx266.htk
msat0 ../../TIMIT_corpus/timit_wav8000htkfeature/msat0_sx356.htk
msat0 ../../TIMIT_corpus/timit_wav8000htkfeature/msat0_sx446.htk
msat1 ../../TIMIT_corpus/timit_wav8000htkfeature/msat1_sa1.htk
msat1 ../../TIMIT_corpus/timit_wav8000htkfeature/msat1_sa2.htk
msat1 ../../TIMIT_corpus/timit_wav8000htkfeature/msat1_si1073.htk
msat1 ../../TIMIT_corpus/timit_wav8000htkfeature/msat1_si1703.htk
msat1 ../../TIMIT_corpus/timit_wav8000htkfeature/msat1_si2333.htk
msat1 ../../TIMIT_corpus/timit_wav8000htkfeature/msat1_sx173.htk
msat1 ../../TIMIT_corpus/timit_wav8000htkfeature/msat1_sx263.htk
msat1 ../../TIMIT_corpus/timit_wav8000htkfeature/msat1_sx353.htk
msat1 ../../TIMIT_corpus/timit_wav8000htkfeature/msat1_sx443.htk
msdb0 ../../TIMIT_corpus/timit_wav8000htkfeature/msdb0_sa1.htk
msdb0 ../../TIMIT_corpus/timit_wav8000htkfeature/msdb0_sa2.htk
msdb0 ../../TIMIT_corpus/timit_wav8000htkfeature/msdb0_si1007.htk
msdb0 ../../TIMIT_corpus/timit_wav8000htkfeature/msdb0_si1637.htk
msdb0 ../../TIMIT_corpus/timit_wav8000htkfeature/msdb0_si2267.htk
msdb0 ../../TIMIT_corpus/timit_wav8000htkfeature/msdb0_sx107.htk
msdb0 ../../TIMIT_corpus/timit_wav8000htkfeature/msdb0_sx17.htk
msdb0 ../../TIMIT_corpus/timit_wav8000htkfeature/msdb0_sx197.htk
msdb0 ../../TIMIT_corpus/timit_wav8000htkfeature/msdb0_sx287.htk
msdh0 ../../TIMIT_corpus/timit_wav8000htkfeature/msdh0_sa1.htk
msdh0 ../../TIMIT_corpus/timit_wav8000htkfeature/msdh0_sa2.htk
msdh0 ../../TIMIT_corpus/timit_wav8000htkfeature/msdh0_si2113.htk
msdh0 ../../TIMIT_corpus/timit_wav8000htkfeature/msdh0_si2240.htk
msdh0 ../../TIMIT_corpus/timit_wav8000htkfeature/msdh0_si980.htk
msdh0 ../../TIMIT_corpus/timit_wav8000htkfeature/msdh0_sx170.htk
msdh0 ../../TIMIT_corpus/timit_wav8000htkfeature/msdh0_sx260.htk
msdh0 ../../TIMIT_corpus/timit_wav8000htkfeature/msdh0_sx350.htk
msdh0 ../../TIMIT_corpus/timit_wav8000htkfeature/msdh0_sx440.htk
msds0 ../../TIMIT_corpus/timit_wav8000htkfeature/msds0_sa1.htk
msds0 ../../TIMIT_corpus/timit_wav8000htkfeature/msds0_sa2.htk
msds0 ../../TIMIT_corpus/timit_wav8000htkfeature/msds0_si1077.htk
msds0 ../../TIMIT_corpus/timit_wav8000htkfeature/msds0_si1707.htk
msds0 ../../TIMIT_corpus/timit_wav8000htkfeature/msds0_si2337.htk
msds0 ../../TIMIT_corpus/timit_wav8000htkfeature/msds0_sx177.htk
msds0 ../../TIMIT_corpus/timit_wav8000htkfeature/msds0_sx267.htk
msds0 ../../TIMIT_corpus/timit_wav8000htkfeature/msds0_sx357.htk
msds0 ../../TIMIT_corpus/timit_wav8000htkfeature/msds0_sx447.htk
msem1 ../../TIMIT_corpus/timit_wav8000htkfeature/msem1_sa1.htk
msem1 ../../TIMIT_corpus/timit_wav8000htkfeature/msem1_sa2.htk
msem1 ../../TIMIT_corpus/timit_wav8000htkfeature/msem1_si1440.htk
msem1 ../../TIMIT_corpus/timit_wav8000htkfeature/msem1_si2070.htk
msem1 ../../TIMIT_corpus/timit_wav8000htkfeature/msem1_si810.htk
msem1 ../../TIMIT_corpus/timit_wav8000htkfeature/msem1_sx180.htk
msem1 ../../TIMIT_corpus/timit_wav8000htkfeature/msem1_sx270.htk
msem1 ../../TIMIT_corpus/timit_wav8000htkfeature/msem1_sx360.htk
msem1 ../../TIMIT_corpus/timit_wav8000htkfeature/msem1_sx450.htk
mses0 ../../TIMIT_corpus/timit_wav8000htkfeature/mses0_sa1.htk
mses0 ../../TIMIT_corpus/timit_wav8000htkfeature/mses0_sa2.htk
mses0 ../../TIMIT_corpus/timit_wav8000htkfeature/mses0_si1589.htk
mses0 ../../TIMIT_corpus/timit_wav8000htkfeature/mses0_si2216.htk
mses0 ../../TIMIT_corpus/timit_wav8000htkfeature/mses0_si2219.htk
mses0 ../../TIMIT_corpus/timit_wav8000htkfeature/mses0_sx149.htk
mses0 ../../TIMIT_corpus/timit_wav8000htkfeature/mses0_sx239.htk
mses0 ../../TIMIT_corpus/timit_wav8000htkfeature/mses0_sx329.htk
mses0 ../../TIMIT_corpus/timit_wav8000htkfeature/mses0_sx419.htk
msfh0 ../../TIMIT_corpus/timit_wav8000htkfeature/msfh0_sa1.htk
msfh0 ../../TIMIT_corpus/timit_wav8000htkfeature/msfh0_sa2.htk
msfh0 ../../TIMIT_corpus/timit_wav8000htkfeature/msfh0_si1216.htk
msfh0 ../../TIMIT_corpus/timit_wav8000htkfeature/msfh0_si1738.htk
msfh0 ../../TIMIT_corpus/timit_wav8000htkfeature/msfh0_si586.htk
msfh0 ../../TIMIT_corpus/timit_wav8000htkfeature/msfh0_sx136.htk
msfh0 ../../TIMIT_corpus/timit_wav8000htkfeature/msfh0_sx226.htk
msfh0 ../../TIMIT_corpus/timit_wav8000htkfeature/msfh0_sx316.htk
msfh0 ../../TIMIT_corpus/timit_wav8000htkfeature/msfh0_sx406.htk
msfh1 ../../TIMIT_corpus/timit_wav8000htkfeature/msfh1_sa1.htk
msfh1 ../../TIMIT_corpus/timit_wav8000htkfeature/msfh1_sa2.htk
msfh1 ../../TIMIT_corpus/timit_wav8000htkfeature/msfh1_si1270.htk
msfh1 ../../TIMIT_corpus/timit_wav8000htkfeature/msfh1_si1900.htk
msfh1 ../../TIMIT_corpus/timit_wav8000htkfeature/msfh1_si640.htk
msfh1 ../../TIMIT_corpus/timit_wav8000htkfeature/msfh1_sx10.htk
msfh1 ../../TIMIT_corpus/timit_wav8000htkfeature/msfh1_sx100.htk
msfh1 ../../TIMIT_corpus/timit_wav8000htkfeature/msfh1_sx190.htk
msfh1 ../../TIMIT_corpus/timit_wav8000htkfeature/msfh1_sx280.htk
msfv0 ../../TIMIT_corpus/timit_wav8000htkfeature/msfv0_sa1.htk
msfv0 ../../TIMIT_corpus/timit_wav8000htkfeature/msfv0_sa2.htk
msfv0 ../../TIMIT_corpus/timit_wav8000htkfeature/msfv0_si1262.htk
msfv0 ../../TIMIT_corpus/timit_wav8000htkfeature/msfv0_si1892.htk
msfv0 ../../TIMIT_corpus/timit_wav8000htkfeature/msfv0_si632.htk
msfv0 ../../TIMIT_corpus/timit_wav8000htkfeature/msfv0_sx182.htk
msfv0 ../../TIMIT_corpus/timit_wav8000htkfeature/msfv0_sx272.htk
msfv0 ../../TIMIT_corpus/timit_wav8000htkfeature/msfv0_sx362.htk
msfv0 ../../TIMIT_corpus/timit_wav8000htkfeature/msfv0_sx452.htk
msjk0 ../../TIMIT_corpus/timit_wav8000htkfeature/msjk0_sa1.htk
msjk0 ../../TIMIT_corpus/timit_wav8000htkfeature/msjk0_sa2.htk
msjk0 ../../TIMIT_corpus/timit_wav8000htkfeature/msjk0_si1596.htk
msjk0 ../../TIMIT_corpus/timit_wav8000htkfeature/msjk0_si2226.htk
msjk0 ../../TIMIT_corpus/timit_wav8000htkfeature/msjk0_si966.htk
msjk0 ../../TIMIT_corpus/timit_wav8000htkfeature/msjk0_sx156.htk
msjk0 ../../TIMIT_corpus/timit_wav8000htkfeature/msjk0_sx246.htk
msjk0 ../../TIMIT_corpus/timit_wav8000htkfeature/msjk0_sx336.htk
msjk0 ../../TIMIT_corpus/timit_wav8000htkfeature/msjk0_sx426.htk
msjs1 ../../TIMIT_corpus/timit_wav8000htkfeature/msjs1_sa1.htk
msjs1 ../../TIMIT_corpus/timit_wav8000htkfeature/msjs1_sa2.htk
msjs1 ../../TIMIT_corpus/timit_wav8000htkfeature/msjs1_si1899.htk
msjs1 ../../TIMIT_corpus/timit_wav8000htkfeature/msjs1_si639.htk
msjs1 ../../TIMIT_corpus/timit_wav8000htkfeature/msjs1_si869.htk
msjs1 ../../TIMIT_corpus/timit_wav8000htkfeature/msjs1_sx189.htk
msjs1 ../../TIMIT_corpus/timit_wav8000htkfeature/msjs1_sx279.htk
msjs1 ../../TIMIT_corpus/timit_wav8000htkfeature/msjs1_sx369.htk
msjs1 ../../TIMIT_corpus/timit_wav8000htkfeature/msjs1_sx9.htk
mslb0 ../../TIMIT_corpus/timit_wav8000htkfeature/mslb0_sa1.htk
mslb0 ../../TIMIT_corpus/timit_wav8000htkfeature/mslb0_sa2.htk
mslb0 ../../TIMIT_corpus/timit_wav8000htkfeature/mslb0_si1193.htk
mslb0 ../../TIMIT_corpus/timit_wav8000htkfeature/mslb0_si1823.htk
mslb0 ../../TIMIT_corpus/timit_wav8000htkfeature/mslb0_si563.htk
mslb0 ../../TIMIT_corpus/timit_wav8000htkfeature/mslb0_sx113.htk
mslb0 ../../TIMIT_corpus/timit_wav8000htkfeature/mslb0_sx203.htk
mslb0 ../../TIMIT_corpus/timit_wav8000htkfeature/mslb0_sx23.htk
mslb0 ../../TIMIT_corpus/timit_wav8000htkfeature/mslb0_sx293.htk
msmc0 ../../TIMIT_corpus/timit_wav8000htkfeature/msmc0_sa1.htk
msmc0 ../../TIMIT_corpus/timit_wav8000htkfeature/msmc0_sa2.htk
msmc0 ../../TIMIT_corpus/timit_wav8000htkfeature/msmc0_si1907.htk
msmc0 ../../TIMIT_corpus/timit_wav8000htkfeature/msmc0_si509.htk
msmc0 ../../TIMIT_corpus/timit_wav8000htkfeature/msmc0_si647.htk
msmc0 ../../TIMIT_corpus/timit_wav8000htkfeature/msmc0_sx107.htk
msmc0 ../../TIMIT_corpus/timit_wav8000htkfeature/msmc0_sx17.htk
msmc0 ../../TIMIT_corpus/timit_wav8000htkfeature/msmc0_sx197.htk
msmc0 ../../TIMIT_corpus/timit_wav8000htkfeature/msmc0_sx287.htk
msmr0 ../../TIMIT_corpus/timit_wav8000htkfeature/msmr0_sa1.htk
msmr0 ../../TIMIT_corpus/timit_wav8000htkfeature/msmr0_sa2.htk
msmr0 ../../TIMIT_corpus/timit_wav8000htkfeature/msmr0_si1150.htk
msmr0 ../../TIMIT_corpus/timit_wav8000htkfeature/msmr0_si1405.htk
msmr0 ../../TIMIT_corpus/timit_wav8000htkfeature/msmr0_si775.htk
msmr0 ../../TIMIT_corpus/timit_wav8000htkfeature/msmr0_sx145.htk
msmr0 ../../TIMIT_corpus/timit_wav8000htkfeature/msmr0_sx235.htk
msmr0 ../../TIMIT_corpus/timit_wav8000htkfeature/msmr0_sx325.htk
msmr0 ../../TIMIT_corpus/timit_wav8000htkfeature/msmr0_sx415.htk
msms0 ../../TIMIT_corpus/timit_wav8000htkfeature/msms0_sa1.htk
msms0 ../../TIMIT_corpus/timit_wav8000htkfeature/msms0_sa2.htk
msms0 ../../TIMIT_corpus/timit_wav8000htkfeature/msms0_si1433.htk
msms0 ../../TIMIT_corpus/timit_wav8000htkfeature/msms0_si2063.htk
msms0 ../../TIMIT_corpus/timit_wav8000htkfeature/msms0_si803.htk
msms0 ../../TIMIT_corpus/timit_wav8000htkfeature/msms0_sx173.htk
msms0 ../../TIMIT_corpus/timit_wav8000htkfeature/msms0_sx263.htk
msms0 ../../TIMIT_corpus/timit_wav8000htkfeature/msms0_sx353.htk
msms0 ../../TIMIT_corpus/timit_wav8000htkfeature/msms0_sx443.htk
msrg0 ../../TIMIT_corpus/timit_wav8000htkfeature/msrg0_sa1.htk
msrg0 ../../TIMIT_corpus/timit_wav8000htkfeature/msrg0_sa2.htk
msrg0 ../../TIMIT_corpus/timit_wav8000htkfeature/msrg0_si1221.htk
msrg0 ../../TIMIT_corpus/timit_wav8000htkfeature/msrg0_si1851.htk
msrg0 ../../TIMIT_corpus/timit_wav8000htkfeature/msrg0_si591.htk
msrg0 ../../TIMIT_corpus/timit_wav8000htkfeature/msrg0_sx141.htk
msrg0 ../../TIMIT_corpus/timit_wav8000htkfeature/msrg0_sx231.htk
msrg0 ../../TIMIT_corpus/timit_wav8000htkfeature/msrg0_sx321.htk
msrg0 ../../TIMIT_corpus/timit_wav8000htkfeature/msrg0_sx411.htk
msrr0 ../../TIMIT_corpus/timit_wav8000htkfeature/msrr0_sa1.htk
msrr0 ../../TIMIT_corpus/timit_wav8000htkfeature/msrr0_sa2.htk
msrr0 ../../TIMIT_corpus/timit_wav8000htkfeature/msrr0_si1131.htk
msrr0 ../../TIMIT_corpus/timit_wav8000htkfeature/msrr0_si1761.htk
msrr0 ../../TIMIT_corpus/timit_wav8000htkfeature/msrr0_si501.htk
msrr0 ../../TIMIT_corpus/timit_wav8000htkfeature/msrr0_sx141.htk
msrr0 ../../TIMIT_corpus/timit_wav8000htkfeature/msrr0_sx231.htk
msrr0 ../../TIMIT_corpus/timit_wav8000htkfeature/msrr0_sx30.htk
msrr0 ../../TIMIT_corpus/timit_wav8000htkfeature/msrr0_sx411.htk
mstf0 ../../TIMIT_corpus/timit_wav8000htkfeature/mstf0_sa1.htk
mstf0 ../../TIMIT_corpus/timit_wav8000htkfeature/mstf0_sa2.htk
mstf0 ../../TIMIT_corpus/timit_wav8000htkfeature/mstf0_si1396.htk
mstf0 ../../TIMIT_corpus/timit_wav8000htkfeature/mstf0_si766.htk
mstf0 ../../TIMIT_corpus/timit_wav8000htkfeature/mstf0_si852.htk
mstf0 ../../TIMIT_corpus/timit_wav8000htkfeature/mstf0_sx136.htk
mstf0 ../../TIMIT_corpus/timit_wav8000htkfeature/mstf0_sx226.htk
mstf0 ../../TIMIT_corpus/timit_wav8000htkfeature/mstf0_sx316.htk
mstf0 ../../TIMIT_corpus/timit_wav8000htkfeature/mstf0_sx406.htk
mstk0 ../../TIMIT_corpus/timit_wav8000htkfeature/mstk0_sa1.htk
mstk0 ../../TIMIT_corpus/timit_wav8000htkfeature/mstk0_sa2.htk
mstk0 ../../TIMIT_corpus/timit_wav8000htkfeature/mstk0_si1024.htk
mstk0 ../../TIMIT_corpus/timit_wav8000htkfeature/mstk0_si2222.htk
mstk0 ../../TIMIT_corpus/timit_wav8000htkfeature/mstk0_si2284.htk
mstk0 ../../TIMIT_corpus/timit_wav8000htkfeature/mstk0_sx124.htk
mstk0 ../../TIMIT_corpus/timit_wav8000htkfeature/mstk0_sx214.htk
mstk0 ../../TIMIT_corpus/timit_wav8000htkfeature/mstk0_sx304.htk
mstk0 ../../TIMIT_corpus/timit_wav8000htkfeature/mstk0_sx34.htk
msvs0 ../../TIMIT_corpus/timit_wav8000htkfeature/msvs0_sa1.htk
msvs0 ../../TIMIT_corpus/timit_wav8000htkfeature/msvs0_sa2.htk
msvs0 ../../TIMIT_corpus/timit_wav8000htkfeature/msvs0_si1568.htk
msvs0 ../../TIMIT_corpus/timit_wav8000htkfeature/msvs0_si2198.htk
msvs0 ../../TIMIT_corpus/timit_wav8000htkfeature/msvs0_si938.htk
msvs0 ../../TIMIT_corpus/timit_wav8000htkfeature/msvs0_sx128.htk
msvs0 ../../TIMIT_corpus/timit_wav8000htkfeature/msvs0_sx218.htk
msvs0 ../../TIMIT_corpus/timit_wav8000htkfeature/msvs0_sx308.htk
msvs0 ../../TIMIT_corpus/timit_wav8000htkfeature/msvs0_sx38.htk
mtaa0 ../../TIMIT_corpus/timit_wav8000htkfeature/mtaa0_sa1.htk
mtaa0 ../../TIMIT_corpus/timit_wav8000htkfeature/mtaa0_sa2.htk
mtaa0 ../../TIMIT_corpus/timit_wav8000htkfeature/mtaa0_si1285.htk
mtaa0 ../../TIMIT_corpus/timit_wav8000htkfeature/mtaa0_si1915.htk
mtaa0 ../../TIMIT_corpus/timit_wav8000htkfeature/mtaa0_si596.htk
mtaa0 ../../TIMIT_corpus/timit_wav8000htkfeature/mtaa0_sx115.htk
mtaa0 ../../TIMIT_corpus/timit_wav8000htkfeature/mtaa0_sx205.htk
mtaa0 ../../TIMIT_corpus/timit_wav8000htkfeature/mtaa0_sx25.htk
mtaa0 ../../TIMIT_corpus/timit_wav8000htkfeature/mtaa0_sx295.htk
mtab0 ../../TIMIT_corpus/timit_wav8000htkfeature/mtab0_sa1.htk
mtab0 ../../TIMIT_corpus/timit_wav8000htkfeature/mtab0_sa2.htk
mtab0 ../../TIMIT_corpus/timit_wav8000htkfeature/mtab0_si1572.htk
mtab0 ../../TIMIT_corpus/timit_wav8000htkfeature/mtab0_si2202.htk
mtab0 ../../TIMIT_corpus/timit_wav8000htkfeature/mtab0_si942.htk
mtab0 ../../TIMIT_corpus/timit_wav8000htkfeature/mtab0_sx132.htk
mtab0 ../../TIMIT_corpus/timit_wav8000htkfeature/mtab0_sx222.htk
mtab0 ../../TIMIT_corpus/timit_wav8000htkfeature/mtab0_sx312.htk
mtab0 ../../TIMIT_corpus/timit_wav8000htkfeature/mtab0_sx402.htk
mtas0 ../../TIMIT_corpus/timit_wav8000htkfeature/mtas0_sa1.htk
mtas0 ../../TIMIT_corpus/timit_wav8000htkfeature/mtas0_sa2.htk
mtas0 ../../TIMIT_corpus/timit_wav8000htkfeature/mtas0_si1385.htk
mtas0 ../../TIMIT_corpus/timit_wav8000htkfeature/mtas0_si2015.htk
mtas0 ../../TIMIT_corpus/timit_wav8000htkfeature/mtas0_si755.htk
mtas0 ../../TIMIT_corpus/timit_wav8000htkfeature/mtas0_sx125.htk
mtas0 ../../TIMIT_corpus/timit_wav8000htkfeature/mtas0_sx215.htk
mtas0 ../../TIMIT_corpus/timit_wav8000htkfeature/mtas0_sx305.htk
mtas0 ../../TIMIT_corpus/timit_wav8000htkfeature/mtas0_sx35.htk
mtas1 ../../TIMIT_corpus/timit_wav8000htkfeature/mtas1_sa1.htk
mtas1 ../../TIMIT_corpus/timit_wav8000htkfeature/mtas1_sa2.htk
mtas1 ../../TIMIT_corpus/timit_wav8000htkfeature/mtas1_si1473.htk
mtas1 ../../TIMIT_corpus/timit_wav8000htkfeature/mtas1_si2098.htk
mtas1 ../../TIMIT_corpus/timit_wav8000htkfeature/mtas1_si838.htk
mtas1 ../../TIMIT_corpus/timit_wav8000htkfeature/mtas1_sx118.htk
mtas1 ../../TIMIT_corpus/timit_wav8000htkfeature/mtas1_sx208.htk
mtas1 ../../TIMIT_corpus/timit_wav8000htkfeature/mtas1_sx28.htk
mtas1 ../../TIMIT_corpus/timit_wav8000htkfeature/mtas1_sx298.htk
mtat0 ../../TIMIT_corpus/timit_wav8000htkfeature/mtat0_sa1.htk
mtat0 ../../TIMIT_corpus/timit_wav8000htkfeature/mtat0_sa2.htk
mtat0 ../../TIMIT_corpus/timit_wav8000htkfeature/mtat0_si1110.htk
mtat0 ../../TIMIT_corpus/timit_wav8000htkfeature/mtat0_si1740.htk
mtat0 ../../TIMIT_corpus/timit_wav8000htkfeature/mtat0_si811.htk
mtat0 ../../TIMIT_corpus/timit_wav8000htkfeature/mtat0_sx120.htk
mtat0 ../../TIMIT_corpus/timit_wav8000htkfeature/mtat0_sx210.htk
mtat0 ../../TIMIT_corpus/timit_wav8000htkfeature/mtat0_sx30.htk
mtat0 ../../TIMIT_corpus/timit_wav8000htkfeature/mtat0_sx300.htk
mtat1 ../../TIMIT_corpus/timit_wav8000htkfeature/mtat1_sa1.htk
mtat1 ../../TIMIT_corpus/timit_wav8000htkfeature/mtat1_sa2.htk
mtat1 ../../TIMIT_corpus/timit_wav8000htkfeature/mtat1_si1409.htk
mtat1 ../../TIMIT_corpus/timit_wav8000htkfeature/mtat1_si1627.htk
mtat1 ../../TIMIT_corpus/timit_wav8000htkfeature/mtat1_si779.htk
mtat1 ../../TIMIT_corpus/timit_wav8000htkfeature/mtat1_sx149.htk
mtat1 ../../TIMIT_corpus/timit_wav8000htkfeature/mtat1_sx239.htk
mtat1 ../../TIMIT_corpus/timit_wav8000htkfeature/mtat1_sx329.htk
mtat1 ../../TIMIT_corpus/timit_wav8000htkfeature/mtat1_sx419.htk
mtbc0 ../../TIMIT_corpus/timit_wav8000htkfeature/mtbc0_sa1.htk
mtbc0 ../../TIMIT_corpus/timit_wav8000htkfeature/mtbc0_sa2.htk
mtbc0 ../../TIMIT_corpus/timit_wav8000htkfeature/mtbc0_si1173.htk
mtbc0 ../../TIMIT_corpus/timit_wav8000htkfeature/mtbc0_si1803.htk
mtbc0 ../../TIMIT_corpus/timit_wav8000htkfeature/mtbc0_si543.htk
mtbc0 ../../TIMIT_corpus/timit_wav8000htkfeature/mtbc0_sx183.htk
mtbc0 ../../TIMIT_corpus/timit_wav8000htkfeature/mtbc0_sx273.htk
mtbc0 ../../TIMIT_corpus/timit_wav8000htkfeature/mtbc0_sx347.htk
mtbc0 ../../TIMIT_corpus/timit_wav8000htkfeature/mtbc0_sx363.htk
mtcs0 ../../TIMIT_corpus/timit_wav8000htkfeature/mtcs0_sa1.htk
mtcs0 ../../TIMIT_corpus/timit_wav8000htkfeature/mtcs0_sa2.htk
mtcs0 ../../TIMIT_corpus/timit_wav8000htkfeature/mtcs0_si1972.htk
mtcs0 ../../TIMIT_corpus/timit_wav8000htkfeature/mtcs0_si2265.htk
mtcs0 ../../TIMIT_corpus/timit_wav8000htkfeature/mtcs0_si712.htk
mtcs0 ../../TIMIT_corpus/timit_wav8000htkfeature/mtcs0_sx172.htk
mtcs0 ../../TIMIT_corpus/timit_wav8000htkfeature/mtcs0_sx262.htk
mtcs0 ../../TIMIT_corpus/timit_wav8000htkfeature/mtcs0_sx352.htk
mtcs0 ../../TIMIT_corpus/timit_wav8000htkfeature/mtcs0_sx442.htk
mtdb0 ../../TIMIT_corpus/timit_wav8000htkfeature/mtdb0_sa1.htk
mtdb0 ../../TIMIT_corpus/timit_wav8000htkfeature/mtdb0_sa2.htk
mtdb0 ../../TIMIT_corpus/timit_wav8000htkfeature/mtdb0_si1401.htk
mtdb0 ../../TIMIT_corpus/timit_wav8000htkfeature/mtdb0_si2031.htk
mtdb0 ../../TIMIT_corpus/timit_wav8000htkfeature/mtdb0_si771.htk
mtdb0 ../../TIMIT_corpus/timit_wav8000htkfeature/mtdb0_sx141.htk
mtdb0 ../../TIMIT_corpus/timit_wav8000htkfeature/mtdb0_sx231.htk
mtdb0 ../../TIMIT_corpus/timit_wav8000htkfeature/mtdb0_sx321.htk
mtdb0 ../../TIMIT_corpus/timit_wav8000htkfeature/mtdb0_sx411.htk
mtdp0 ../../TIMIT_corpus/timit_wav8000htkfeature/mtdp0_sa1.htk
mtdp0 ../../TIMIT_corpus/timit_wav8000htkfeature/mtdp0_sa2.htk
mtdp0 ../../TIMIT_corpus/timit_wav8000htkfeature/mtdp0_si1274.htk
mtdp0 ../../TIMIT_corpus/timit_wav8000htkfeature/mtdp0_si1521.htk
mtdp0 ../../TIMIT_corpus/timit_wav8000htkfeature/mtdp0_si2151.htk
mtdp0 ../../TIMIT_corpus/timit_wav8000htkfeature/mtdp0_sx171.htk
mtdp0 ../../TIMIT_corpus/timit_wav8000htkfeature/mtdp0_sx261.htk
mtdp0 ../../TIMIT_corpus/timit_wav8000htkfeature/mtdp0_sx351.htk
mtdp0 ../../TIMIT_corpus/timit_wav8000htkfeature/mtdp0_sx441.htk
mtdt0 ../../TIMIT_corpus/timit_wav8000htkfeature/mtdt0_sa1.htk
mtdt0 ../../TIMIT_corpus/timit_wav8000htkfeature/mtdt0_sa2.htk
mtdt0 ../../TIMIT_corpus/timit_wav8000htkfeature/mtdt0_si1994.htk
mtdt0 ../../TIMIT_corpus/timit_wav8000htkfeature/mtdt0_si2254.htk
mtdt0 ../../TIMIT_corpus/timit_wav8000htkfeature/mtdt0_si994.htk
mtdt0 ../../TIMIT_corpus/timit_wav8000htkfeature/mtdt0_sx184.htk
mtdt0 ../../TIMIT_corpus/timit_wav8000htkfeature/mtdt0_sx274.htk
mtdt0 ../../TIMIT_corpus/timit_wav8000htkfeature/mtdt0_sx364.htk
mtdt0 ../../TIMIT_corpus/timit_wav8000htkfeature/mtdt0_sx4.htk
mteb0 ../../TIMIT_corpus/timit_wav8000htkfeature/mteb0_sa1.htk
mteb0 ../../TIMIT_corpus/timit_wav8000htkfeature/mteb0_sa2.htk
mteb0 ../../TIMIT_corpus/timit_wav8000htkfeature/mteb0_si1133.htk
mteb0 ../../TIMIT_corpus/timit_wav8000htkfeature/mteb0_si2064.htk
mteb0 ../../TIMIT_corpus/timit_wav8000htkfeature/mteb0_si503.htk
mteb0 ../../TIMIT_corpus/timit_wav8000htkfeature/mteb0_sx143.htk
mteb0 ../../TIMIT_corpus/timit_wav8000htkfeature/mteb0_sx233.htk
mteb0 ../../TIMIT_corpus/timit_wav8000htkfeature/mteb0_sx323.htk
mteb0 ../../TIMIT_corpus/timit_wav8000htkfeature/mteb0_sx413.htk
mter0 ../../TIMIT_corpus/timit_wav8000htkfeature/mter0_sa1.htk
mter0 ../../TIMIT_corpus/timit_wav8000htkfeature/mter0_sa2.htk
mter0 ../../TIMIT_corpus/timit_wav8000htkfeature/mter0_si1157.htk
mter0 ../../TIMIT_corpus/timit_wav8000htkfeature/mter0_si1787.htk
mter0 ../../TIMIT_corpus/timit_wav8000htkfeature/mter0_si527.htk
mter0 ../../TIMIT_corpus/timit_wav8000htkfeature/mter0_sx167.htk
mter0 ../../TIMIT_corpus/timit_wav8000htkfeature/mter0_sx17.htk
mter0 ../../TIMIT_corpus/timit_wav8000htkfeature/mter0_sx257.htk
mter0 ../../TIMIT_corpus/timit_wav8000htkfeature/mter0_sx437.htk
mthc0 ../../TIMIT_corpus/timit_wav8000htkfeature/mthc0_sa1.htk
mthc0 ../../TIMIT_corpus/timit_wav8000htkfeature/mthc0_sa2.htk
mthc0 ../../TIMIT_corpus/timit_wav8000htkfeature/mthc0_si1015.htk
mthc0 ../../TIMIT_corpus/timit_wav8000htkfeature/mthc0_si1645.htk
mthc0 ../../TIMIT_corpus/timit_wav8000htkfeature/mthc0_si2275.htk
mthc0 ../../TIMIT_corpus/timit_wav8000htkfeature/mthc0_sx115.htk
mthc0 ../../TIMIT_corpus/timit_wav8000htkfeature/mthc0_sx205.htk
mthc0 ../../TIMIT_corpus/timit_wav8000htkfeature/mthc0_sx25.htk
mthc0 ../../TIMIT_corpus/timit_wav8000htkfeature/mthc0_sx295.htk
mtjg0 ../../TIMIT_corpus/timit_wav8000htkfeature/mtjg0_sa1.htk
mtjg0 ../../TIMIT_corpus/timit_wav8000htkfeature/mtjg0_sa2.htk
mtjg0 ../../TIMIT_corpus/timit_wav8000htkfeature/mtjg0_si1520.htk
mtjg0 ../../TIMIT_corpus/timit_wav8000htkfeature/mtjg0_si2157.htk
mtjg0 ../../TIMIT_corpus/timit_wav8000htkfeature/mtjg0_si890.htk
mtjg0 ../../TIMIT_corpus/timit_wav8000htkfeature/mtjg0_sx170.htk
mtjg0 ../../TIMIT_corpus/timit_wav8000htkfeature/mtjg0_sx260.htk
mtjg0 ../../TIMIT_corpus/timit_wav8000htkfeature/mtjg0_sx350.htk
mtjg0 ../../TIMIT_corpus/timit_wav8000htkfeature/mtjg0_sx440.htk
mtjm0 ../../TIMIT_corpus/timit_wav8000htkfeature/mtjm0_sa1.htk
mtjm0 ../../TIMIT_corpus/timit_wav8000htkfeature/mtjm0_sa2.htk
mtjm0 ../../TIMIT_corpus/timit_wav8000htkfeature/mtjm0_si1226.htk
mtjm0 ../../TIMIT_corpus/timit_wav8000htkfeature/mtjm0_si1856.htk
mtjm0 ../../TIMIT_corpus/timit_wav8000htkfeature/mtjm0_si655.htk
mtjm0 ../../TIMIT_corpus/timit_wav8000htkfeature/mtjm0_sx146.htk
mtjm0 ../../TIMIT_corpus/timit_wav8000htkfeature/mtjm0_sx236.htk
mtjm0 ../../TIMIT_corpus/timit_wav8000htkfeature/mtjm0_sx326.htk
mtjm0 ../../TIMIT_corpus/timit_wav8000htkfeature/mtjm0_sx416.htk
mtjs0 ../../TIMIT_corpus/timit_wav8000htkfeature/mtjs0_sa1.htk
mtjs0 ../../TIMIT_corpus/timit_wav8000htkfeature/mtjs0_sa2.htk
mtjs0 ../../TIMIT_corpus/timit_wav8000htkfeature/mtjs0_si1192.htk
mtjs0 ../../TIMIT_corpus/timit_wav8000htkfeature/mtjs0_si1822.htk
mtjs0 ../../TIMIT_corpus/timit_wav8000htkfeature/mtjs0_si562.htk
mtjs0 ../../TIMIT_corpus/timit_wav8000htkfeature/mtjs0_sx112.htk
mtjs0 ../../TIMIT_corpus/timit_wav8000htkfeature/mtjs0_sx202.htk
mtjs0 ../../TIMIT_corpus/timit_wav8000htkfeature/mtjs0_sx22.htk
mtjs0 ../../TIMIT_corpus/timit_wav8000htkfeature/mtjs0_sx292.htk
mtju0 ../../TIMIT_corpus/timit_wav8000htkfeature/mtju0_sa1.htk
mtju0 ../../TIMIT_corpus/timit_wav8000htkfeature/mtju0_sa2.htk
mtju0 ../../TIMIT_corpus/timit_wav8000htkfeature/mtju0_si2020.htk
mtju0 ../../TIMIT_corpus/timit_wav8000htkfeature/mtju0_si2269.htk
mtju0 ../../TIMIT_corpus/timit_wav8000htkfeature/mtju0_si760.htk
mtju0 ../../TIMIT_corpus/timit_wav8000htkfeature/mtju0_sx130.htk
mtju0 ../../TIMIT_corpus/timit_wav8000htkfeature/mtju0_sx220.htk
mtju0 ../../TIMIT_corpus/timit_wav8000htkfeature/mtju0_sx310.htk
mtju0 ../../TIMIT_corpus/timit_wav8000htkfeature/mtju0_sx40.htk
mtkd0 ../../TIMIT_corpus/timit_wav8000htkfeature/mtkd0_sa1.htk
mtkd0 ../../TIMIT_corpus/timit_wav8000htkfeature/mtkd0_sa2.htk
mtkd0 ../../TIMIT_corpus/timit_wav8000htkfeature/mtkd0_si1187.htk
mtkd0 ../../TIMIT_corpus/timit_wav8000htkfeature/mtkd0_si1817.htk
mtkd0 ../../TIMIT_corpus/timit_wav8000htkfeature/mtkd0_si630.htk
mtkd0 ../../TIMIT_corpus/timit_wav8000htkfeature/mtkd0_sx107.htk
mtkd0 ../../TIMIT_corpus/timit_wav8000htkfeature/mtkd0_sx17.htk
mtkd0 ../../TIMIT_corpus/timit_wav8000htkfeature/mtkd0_sx197.htk
mtkd0 ../../TIMIT_corpus/timit_wav8000htkfeature/mtkd0_sx287.htk
mtkp0 ../../TIMIT_corpus/timit_wav8000htkfeature/mtkp0_sa1.htk
mtkp0 ../../TIMIT_corpus/timit_wav8000htkfeature/mtkp0_sa2.htk
mtkp0 ../../TIMIT_corpus/timit_wav8000htkfeature/mtkp0_si1023.htk
mtkp0 ../../TIMIT_corpus/timit_wav8000htkfeature/mtkp0_si2283.htk
mtkp0 ../../TIMIT_corpus/timit_wav8000htkfeature/mtkp0_si454.htk
mtkp0 ../../TIMIT_corpus/timit_wav8000htkfeature/mtkp0_sx123.htk
mtkp0 ../../TIMIT_corpus/timit_wav8000htkfeature/mtkp0_sx213.htk
mtkp0 ../../TIMIT_corpus/timit_wav8000htkfeature/mtkp0_sx303.htk
mtkp0 ../../TIMIT_corpus/timit_wav8000htkfeature/mtkp0_sx33.htk
mtlb0 ../../TIMIT_corpus/timit_wav8000htkfeature/mtlb0_sa1.htk
mtlb0 ../../TIMIT_corpus/timit_wav8000htkfeature/mtlb0_sa2.htk
mtlb0 ../../TIMIT_corpus/timit_wav8000htkfeature/mtlb0_si1134.htk
mtlb0 ../../TIMIT_corpus/timit_wav8000htkfeature/mtlb0_si1764.htk
mtlb0 ../../TIMIT_corpus/timit_wav8000htkfeature/mtlb0_si504.htk
mtlb0 ../../TIMIT_corpus/timit_wav8000htkfeature/mtlb0_sx144.htk
mtlb0 ../../TIMIT_corpus/timit_wav8000htkfeature/mtlb0_sx234.htk
mtlb0 ../../TIMIT_corpus/timit_wav8000htkfeature/mtlb0_sx324.htk
mtlb0 ../../TIMIT_corpus/timit_wav8000htkfeature/mtlb0_sx414.htk
mtlc0 ../../TIMIT_corpus/timit_wav8000htkfeature/mtlc0_sa1.htk
mtlc0 ../../TIMIT_corpus/timit_wav8000htkfeature/mtlc0_sa2.htk
mtlc0 ../../TIMIT_corpus/timit_wav8000htkfeature/mtlc0_si1313.htk
mtlc0 ../../TIMIT_corpus/timit_wav8000htkfeature/mtlc0_si1477.htk
mtlc0 ../../TIMIT_corpus/timit_wav8000htkfeature/mtlc0_si847.htk
mtlc0 ../../TIMIT_corpus/timit_wav8000htkfeature/mtlc0_sx127.htk
mtlc0 ../../TIMIT_corpus/timit_wav8000htkfeature/mtlc0_sx217.htk
mtlc0 ../../TIMIT_corpus/timit_wav8000htkfeature/mtlc0_sx307.htk
mtlc0 ../../TIMIT_corpus/timit_wav8000htkfeature/mtlc0_sx37.htk
mtls0 ../../TIMIT_corpus/timit_wav8000htkfeature/mtls0_sa1.htk
mtls0 ../../TIMIT_corpus/timit_wav8000htkfeature/mtls0_sa2.htk
mtls0 ../../TIMIT_corpus/timit_wav8000htkfeature/mtls0_si1370.htk
mtls0 ../../TIMIT_corpus/timit_wav8000htkfeature/mtls0_si2000.htk
mtls0 ../../TIMIT_corpus/timit_wav8000htkfeature/mtls0_si740.htk
mtls0 ../../TIMIT_corpus/timit_wav8000htkfeature/mtls0_sx110.htk
mtls0 ../../TIMIT_corpus/timit_wav8000htkfeature/mtls0_sx20.htk
mtls0 ../../TIMIT_corpus/timit_wav8000htkfeature/mtls0_sx200.htk
mtls0 ../../TIMIT_corpus/timit_wav8000htkfeature/mtls0_sx290.htk
mtml0 ../../TIMIT_corpus/timit_wav8000htkfeature/mtml0_sa1.htk
mtml0 ../../TIMIT_corpus/timit_wav8000htkfeature/mtml0_sa2.htk
mtml0 ../../TIMIT_corpus/timit_wav8000htkfeature/mtml0_si1065.htk
mtml0 ../../TIMIT_corpus/timit_wav8000htkfeature/mtml0_si1695.htk
mtml0 ../../TIMIT_corpus/timit_wav8000htkfeature/mtml0_si2325.htk
mtml0 ../../TIMIT_corpus/timit_wav8000htkfeature/mtml0_sx165.htk
mtml0 ../../TIMIT_corpus/timit_wav8000htkfeature/mtml0_sx255.htk
mtml0 ../../TIMIT_corpus/timit_wav8000htkfeature/mtml0_sx345.htk
mtml0 ../../TIMIT_corpus/timit_wav8000htkfeature/mtml0_sx435.htk
mtmn0 ../../TIMIT_corpus/timit_wav8000htkfeature/mtmn0_sa1.htk
mtmn0 ../../TIMIT_corpus/timit_wav8000htkfeature/mtmn0_sa2.htk
mtmn0 ../../TIMIT_corpus/timit_wav8000htkfeature/mtmn0_si1064.htk
mtmn0 ../../TIMIT_corpus/timit_wav8000htkfeature/mtmn0_si2324.htk
mtmn0 ../../TIMIT_corpus/timit_wav8000htkfeature/mtmn0_si582.htk
mtmn0 ../../TIMIT_corpus/timit_wav8000htkfeature/mtmn0_sx164.htk
mtmn0 ../../TIMIT_corpus/timit_wav8000htkfeature/mtmn0_sx254.htk
mtmn0 ../../TIMIT_corpus/timit_wav8000htkfeature/mtmn0_sx344.htk
mtmn0 ../../TIMIT_corpus/timit_wav8000htkfeature/mtmn0_sx434.htk
mtmr0 ../../TIMIT_corpus/timit_wav8000htkfeature/mtmr0_sa1.htk
mtmr0 ../../TIMIT_corpus/timit_wav8000htkfeature/mtmr0_sa2.htk
mtmr0 ../../TIMIT_corpus/timit_wav8000htkfeature/mtmr0_si1303.htk
mtmr0 ../../TIMIT_corpus/timit_wav8000htkfeature/mtmr0_si1933.htk
mtmr0 ../../TIMIT_corpus/timit_wav8000htkfeature/mtmr0_si673.htk
mtmr0 ../../TIMIT_corpus/timit_wav8000htkfeature/mtmr0_sx133.htk
mtmr0 ../../TIMIT_corpus/timit_wav8000htkfeature/mtmr0_sx223.htk
mtmr0 ../../TIMIT_corpus/timit_wav8000htkfeature/mtmr0_sx313.htk
mtmr0 ../../TIMIT_corpus/timit_wav8000htkfeature/mtmr0_sx403.htk
mtmt0 ../../TIMIT_corpus/timit_wav8000htkfeature/mtmt0_sa1.htk
mtmt0 ../../TIMIT_corpus/timit_wav8000htkfeature/mtmt0_sa2.htk
mtmt0 ../../TIMIT_corpus/timit_wav8000htkfeature/mtmt0_si1118.htk
mtmt0 ../../TIMIT_corpus/timit_wav8000htkfeature/mtmt0_si1748.htk
mtmt0 ../../TIMIT_corpus/timit_wav8000htkfeature/mtmt0_si488.htk
mtmt0 ../../TIMIT_corpus/timit_wav8000htkfeature/mtmt0_sx128.htk
mtmt0 ../../TIMIT_corpus/timit_wav8000htkfeature/mtmt0_sx218.htk
mtmt0 ../../TIMIT_corpus/timit_wav8000htkfeature/mtmt0_sx308.htk
mtmt0 ../../TIMIT_corpus/timit_wav8000htkfeature/mtmt0_sx38.htk
mtpf0 ../../TIMIT_corpus/timit_wav8000htkfeature/mtpf0_sa1.htk
mtpf0 ../../TIMIT_corpus/timit_wav8000htkfeature/mtpf0_sa2.htk
mtpf0 ../../TIMIT_corpus/timit_wav8000htkfeature/mtpf0_si1235.htk
mtpf0 ../../TIMIT_corpus/timit_wav8000htkfeature/mtpf0_si1865.htk
mtpf0 ../../TIMIT_corpus/timit_wav8000htkfeature/mtpf0_si605.htk
mtpf0 ../../TIMIT_corpus/timit_wav8000htkfeature/mtpf0_sx155.htk
mtpf0 ../../TIMIT_corpus/timit_wav8000htkfeature/mtpf0_sx245.htk
mtpf0 ../../TIMIT_corpus/timit_wav8000htkfeature/mtpf0_sx335.htk
mtpf0 ../../TIMIT_corpus/timit_wav8000htkfeature/mtpf0_sx425.htk
mtpg0 ../../TIMIT_corpus/timit_wav8000htkfeature/mtpg0_sa1.htk
mtpg0 ../../TIMIT_corpus/timit_wav8000htkfeature/mtpg0_sa2.htk
mtpg0 ../../TIMIT_corpus/timit_wav8000htkfeature/mtpg0_si1383.htk
mtpg0 ../../TIMIT_corpus/timit_wav8000htkfeature/mtpg0_si2013.htk
mtpg0 ../../TIMIT_corpus/timit_wav8000htkfeature/mtpg0_si753.htk
mtpg0 ../../TIMIT_corpus/timit_wav8000htkfeature/mtpg0_sx123.htk
mtpg0 ../../TIMIT_corpus/timit_wav8000htkfeature/mtpg0_sx213.htk
mtpg0 ../../TIMIT_corpus/timit_wav8000htkfeature/mtpg0_sx303.htk
mtpg0 ../../TIMIT_corpus/timit_wav8000htkfeature/mtpg0_sx33.htk
mtpp0 ../../TIMIT_corpus/timit_wav8000htkfeature/mtpp0_sa1.htk
mtpp0 ../../TIMIT_corpus/timit_wav8000htkfeature/mtpp0_sa2.htk
mtpp0 ../../TIMIT_corpus/timit_wav8000htkfeature/mtpp0_si1508.htk
mtpp0 ../../TIMIT_corpus/timit_wav8000htkfeature/mtpp0_si2138.htk
mtpp0 ../../TIMIT_corpus/timit_wav8000htkfeature/mtpp0_si878.htk
mtpp0 ../../TIMIT_corpus/timit_wav8000htkfeature/mtpp0_sx158.htk
mtpp0 ../../TIMIT_corpus/timit_wav8000htkfeature/mtpp0_sx248.htk
mtpp0 ../../TIMIT_corpus/timit_wav8000htkfeature/mtpp0_sx338.htk
mtpp0 ../../TIMIT_corpus/timit_wav8000htkfeature/mtpp0_sx428.htk
mtpr0 ../../TIMIT_corpus/timit_wav8000htkfeature/mtpr0_sa1.htk
mtpr0 ../../TIMIT_corpus/timit_wav8000htkfeature/mtpr0_sa2.htk
mtpr0 ../../TIMIT_corpus/timit_wav8000htkfeature/mtpr0_si1600.htk
mtpr0 ../../TIMIT_corpus/timit_wav8000htkfeature/mtpr0_si2230.htk
mtpr0 ../../TIMIT_corpus/timit_wav8000htkfeature/mtpr0_si506.htk
mtpr0 ../../TIMIT_corpus/timit_wav8000htkfeature/mtpr0_sx160.htk
mtpr0 ../../TIMIT_corpus/timit_wav8000htkfeature/mtpr0_sx250.htk
mtpr0 ../../TIMIT_corpus/timit_wav8000htkfeature/mtpr0_sx340.htk
mtpr0 ../../TIMIT_corpus/timit_wav8000htkfeature/mtpr0_sx430.htk
mtqc0 ../../TIMIT_corpus/timit_wav8000htkfeature/mtqc0_sa1.htk
mtqc0 ../../TIMIT_corpus/timit_wav8000htkfeature/mtqc0_sa2.htk
mtqc0 ../../TIMIT_corpus/timit_wav8000htkfeature/mtqc0_si1441.htk
mtqc0 ../../TIMIT_corpus/timit_wav8000htkfeature/mtqc0_si2071.htk
mtqc0 ../../TIMIT_corpus/timit_wav8000htkfeature/mtqc0_si480.htk
mtqc0 ../../TIMIT_corpus/timit_wav8000htkfeature/mtqc0_sx181.htk
mtqc0 ../../TIMIT_corpus/timit_wav8000htkfeature/mtqc0_sx271.htk
mtqc0 ../../TIMIT_corpus/timit_wav8000htkfeature/mtqc0_sx361.htk
mtqc0 ../../TIMIT_corpus/timit_wav8000htkfeature/mtqc0_sx451.htk
mtrc0 ../../TIMIT_corpus/timit_wav8000htkfeature/mtrc0_sa1.htk
mtrc0 ../../TIMIT_corpus/timit_wav8000htkfeature/mtrc0_sa2.htk
mtrc0 ../../TIMIT_corpus/timit_wav8000htkfeature/mtrc0_si1623.htk
mtrc0 ../../TIMIT_corpus/timit_wav8000htkfeature/mtrc0_si589.htk
mtrc0 ../../TIMIT_corpus/timit_wav8000htkfeature/mtrc0_si993.htk
mtrc0 ../../TIMIT_corpus/timit_wav8000htkfeature/mtrc0_sx170.htk
mtrc0 ../../TIMIT_corpus/timit_wav8000htkfeature/mtrc0_sx183.htk
mtrc0 ../../TIMIT_corpus/timit_wav8000htkfeature/mtrc0_sx273.htk
mtrc0 ../../TIMIT_corpus/timit_wav8000htkfeature/mtrc0_sx363.htk
mtrr0 ../../TIMIT_corpus/timit_wav8000htkfeature/mtrr0_sa1.htk
mtrr0 ../../TIMIT_corpus/timit_wav8000htkfeature/mtrr0_sa2.htk
mtrr0 ../../TIMIT_corpus/timit_wav8000htkfeature/mtrr0_si1548.htk
mtrr0 ../../TIMIT_corpus/timit_wav8000htkfeature/mtrr0_si2178.htk
mtrr0 ../../TIMIT_corpus/timit_wav8000htkfeature/mtrr0_si918.htk
mtrr0 ../../TIMIT_corpus/timit_wav8000htkfeature/mtrr0_sx108.htk
mtrr0 ../../TIMIT_corpus/timit_wav8000htkfeature/mtrr0_sx18.htk
mtrr0 ../../TIMIT_corpus/timit_wav8000htkfeature/mtrr0_sx198.htk
mtrr0 ../../TIMIT_corpus/timit_wav8000htkfeature/mtrr0_sx288.htk
mtrt0 ../../TIMIT_corpus/timit_wav8000htkfeature/mtrt0_sa1.htk
mtrt0 ../../TIMIT_corpus/timit_wav8000htkfeature/mtrt0_sa2.htk
mtrt0 ../../TIMIT_corpus/timit_wav8000htkfeature/mtrt0_si1227.htk
mtrt0 ../../TIMIT_corpus/timit_wav8000htkfeature/mtrt0_si1857.htk
mtrt0 ../../TIMIT_corpus/timit_wav8000htkfeature/mtrt0_si597.htk
mtrt0 ../../TIMIT_corpus/timit_wav8000htkfeature/mtrt0_sx147.htk
mtrt0 ../../TIMIT_corpus/timit_wav8000htkfeature/mtrt0_sx237.htk
mtrt0 ../../TIMIT_corpus/timit_wav8000htkfeature/mtrt0_sx254.htk
mtrt0 ../../TIMIT_corpus/timit_wav8000htkfeature/mtrt0_sx417.htk
mtwh0 ../../TIMIT_corpus/timit_wav8000htkfeature/mtwh0_sa1.htk
mtwh0 ../../TIMIT_corpus/timit_wav8000htkfeature/mtwh0_sa2.htk
mtwh0 ../../TIMIT_corpus/timit_wav8000htkfeature/mtwh0_si1190.htk
mtwh0 ../../TIMIT_corpus/timit_wav8000htkfeature/mtwh0_si1629.htk
mtwh0 ../../TIMIT_corpus/timit_wav8000htkfeature/mtwh0_si1820.htk
mtwh0 ../../TIMIT_corpus/timit_wav8000htkfeature/mtwh0_sx110.htk
mtwh0 ../../TIMIT_corpus/timit_wav8000htkfeature/mtwh0_sx20.htk
mtwh0 ../../TIMIT_corpus/timit_wav8000htkfeature/mtwh0_sx200.htk
mtwh0 ../../TIMIT_corpus/timit_wav8000htkfeature/mtwh0_sx290.htk
mtwh1 ../../TIMIT_corpus/timit_wav8000htkfeature/mtwh1_sa1.htk
mtwh1 ../../TIMIT_corpus/timit_wav8000htkfeature/mtwh1_sa2.htk
mtwh1 ../../TIMIT_corpus/timit_wav8000htkfeature/mtwh1_si1512.htk
mtwh1 ../../TIMIT_corpus/timit_wav8000htkfeature/mtwh1_si2142.htk
mtwh1 ../../TIMIT_corpus/timit_wav8000htkfeature/mtwh1_si882.htk
mtwh1 ../../TIMIT_corpus/timit_wav8000htkfeature/mtwh1_sx162.htk
mtwh1 ../../TIMIT_corpus/timit_wav8000htkfeature/mtwh1_sx252.htk
mtwh1 ../../TIMIT_corpus/timit_wav8000htkfeature/mtwh1_sx342.htk
mtwh1 ../../TIMIT_corpus/timit_wav8000htkfeature/mtwh1_sx432.htk
mtxs0 ../../TIMIT_corpus/timit_wav8000htkfeature/mtxs0_sa1.htk
mtxs0 ../../TIMIT_corpus/timit_wav8000htkfeature/mtxs0_sa2.htk
mtxs0 ../../TIMIT_corpus/timit_wav8000htkfeature/mtxs0_si1060.htk
mtxs0 ../../TIMIT_corpus/timit_wav8000htkfeature/mtxs0_si1690.htk
mtxs0 ../../TIMIT_corpus/timit_wav8000htkfeature/mtxs0_si2320.htk
mtxs0 ../../TIMIT_corpus/timit_wav8000htkfeature/mtxs0_sx160.htk
mtxs0 ../../TIMIT_corpus/timit_wav8000htkfeature/mtxs0_sx250.htk
mtxs0 ../../TIMIT_corpus/timit_wav8000htkfeature/mtxs0_sx340.htk
mtxs0 ../../TIMIT_corpus/timit_wav8000htkfeature/mtxs0_sx430.htk
mvjh0 ../../TIMIT_corpus/timit_wav8000htkfeature/mvjh0_sa1.htk
mvjh0 ../../TIMIT_corpus/timit_wav8000htkfeature/mvjh0_sa2.htk
mvjh0 ../../TIMIT_corpus/timit_wav8000htkfeature/mvjh0_si1556.htk
mvjh0 ../../TIMIT_corpus/timit_wav8000htkfeature/mvjh0_si2186.htk
mvjh0 ../../TIMIT_corpus/timit_wav8000htkfeature/mvjh0_si926.htk
mvjh0 ../../TIMIT_corpus/timit_wav8000htkfeature/mvjh0_sx116.htk
mvjh0 ../../TIMIT_corpus/timit_wav8000htkfeature/mvjh0_sx206.htk
mvjh0 ../../TIMIT_corpus/timit_wav8000htkfeature/mvjh0_sx26.htk
mvjh0 ../../TIMIT_corpus/timit_wav8000htkfeature/mvjh0_sx296.htk
mvlo0 ../../TIMIT_corpus/timit_wav8000htkfeature/mvlo0_sa1.htk
mvlo0 ../../TIMIT_corpus/timit_wav8000htkfeature/mvlo0_sa2.htk
mvlo0 ../../TIMIT_corpus/timit_wav8000htkfeature/mvlo0_si1147.htk
mvlo0 ../../TIMIT_corpus/timit_wav8000htkfeature/mvlo0_si1777.htk
mvlo0 ../../TIMIT_corpus/timit_wav8000htkfeature/mvlo0_si517.htk
mvlo0 ../../TIMIT_corpus/timit_wav8000htkfeature/mvlo0_sx157.htk
mvlo0 ../../TIMIT_corpus/timit_wav8000htkfeature/mvlo0_sx247.htk
mvlo0 ../../TIMIT_corpus/timit_wav8000htkfeature/mvlo0_sx337.htk
mvlo0 ../../TIMIT_corpus/timit_wav8000htkfeature/mvlo0_sx427.htk
mvrw0 ../../TIMIT_corpus/timit_wav8000htkfeature/mvrw0_sa1.htk
mvrw0 ../../TIMIT_corpus/timit_wav8000htkfeature/mvrw0_sa2.htk
mvrw0 ../../TIMIT_corpus/timit_wav8000htkfeature/mvrw0_si1485.htk
mvrw0 ../../TIMIT_corpus/timit_wav8000htkfeature/mvrw0_si2115.htk
mvrw0 ../../TIMIT_corpus/timit_wav8000htkfeature/mvrw0_si855.htk
mvrw0 ../../TIMIT_corpus/timit_wav8000htkfeature/mvrw0_sx135.htk
mvrw0 ../../TIMIT_corpus/timit_wav8000htkfeature/mvrw0_sx225.htk
mvrw0 ../../TIMIT_corpus/timit_wav8000htkfeature/mvrw0_sx315.htk
mvrw0 ../../TIMIT_corpus/timit_wav8000htkfeature/mvrw0_sx405.htk
mwac0 ../../TIMIT_corpus/timit_wav8000htkfeature/mwac0_sa1.htk
mwac0 ../../TIMIT_corpus/timit_wav8000htkfeature/mwac0_sa2.htk
mwac0 ../../TIMIT_corpus/timit_wav8000htkfeature/mwac0_si1601.htk
mwac0 ../../TIMIT_corpus/timit_wav8000htkfeature/mwac0_si2231.htk
mwac0 ../../TIMIT_corpus/timit_wav8000htkfeature/mwac0_si971.htk
mwac0 ../../TIMIT_corpus/timit_wav8000htkfeature/mwac0_sx161.htk
mwac0 ../../TIMIT_corpus/timit_wav8000htkfeature/mwac0_sx251.htk
mwac0 ../../TIMIT_corpus/timit_wav8000htkfeature/mwac0_sx341.htk
mwac0 ../../TIMIT_corpus/timit_wav8000htkfeature/mwac0_sx431.htk
mwad0 ../../TIMIT_corpus/timit_wav8000htkfeature/mwad0_sa1.htk
mwad0 ../../TIMIT_corpus/timit_wav8000htkfeature/mwad0_sa2.htk
mwad0 ../../TIMIT_corpus/timit_wav8000htkfeature/mwad0_si1062.htk
mwad0 ../../TIMIT_corpus/timit_wav8000htkfeature/mwad0_si1749.htk
mwad0 ../../TIMIT_corpus/timit_wav8000htkfeature/mwad0_si2322.htk
mwad0 ../../TIMIT_corpus/timit_wav8000htkfeature/mwad0_sx162.htk
mwad0 ../../TIMIT_corpus/timit_wav8000htkfeature/mwad0_sx252.htk
mwad0 ../../TIMIT_corpus/timit_wav8000htkfeature/mwad0_sx342.htk
mwad0 ../../TIMIT_corpus/timit_wav8000htkfeature/mwad0_sx432.htk
mwar0 ../../TIMIT_corpus/timit_wav8000htkfeature/mwar0_sa1.htk
mwar0 ../../TIMIT_corpus/timit_wav8000htkfeature/mwar0_sa2.htk
mwar0 ../../TIMIT_corpus/timit_wav8000htkfeature/mwar0_si1045.htk
mwar0 ../../TIMIT_corpus/timit_wav8000htkfeature/mwar0_si1675.htk
mwar0 ../../TIMIT_corpus/timit_wav8000htkfeature/mwar0_si2305.htk
mwar0 ../../TIMIT_corpus/timit_wav8000htkfeature/mwar0_sx145.htk
mwar0 ../../TIMIT_corpus/timit_wav8000htkfeature/mwar0_sx235.htk
mwar0 ../../TIMIT_corpus/timit_wav8000htkfeature/mwar0_sx325.htk
mwar0 ../../TIMIT_corpus/timit_wav8000htkfeature/mwar0_sx415.htk
mwbt0 ../../TIMIT_corpus/timit_wav8000htkfeature/mwbt0_sa1.htk
mwbt0 ../../TIMIT_corpus/timit_wav8000htkfeature/mwbt0_sa2.htk
mwbt0 ../../TIMIT_corpus/timit_wav8000htkfeature/mwbt0_si1553.htk
mwbt0 ../../TIMIT_corpus/timit_wav8000htkfeature/mwbt0_si2183.htk
mwbt0 ../../TIMIT_corpus/timit_wav8000htkfeature/mwbt0_si923.htk
mwbt0 ../../TIMIT_corpus/timit_wav8000htkfeature/mwbt0_sx113.htk
mwbt0 ../../TIMIT_corpus/timit_wav8000htkfeature/mwbt0_sx203.htk
mwbt0 ../../TIMIT_corpus/timit_wav8000htkfeature/mwbt0_sx23.htk
mwbt0 ../../TIMIT_corpus/timit_wav8000htkfeature/mwbt0_sx293.htk
mwch0 ../../TIMIT_corpus/timit_wav8000htkfeature/mwch0_sa1.htk
mwch0 ../../TIMIT_corpus/timit_wav8000htkfeature/mwch0_sa2.htk
mwch0 ../../TIMIT_corpus/timit_wav8000htkfeature/mwch0_si1622.htk
mwch0 ../../TIMIT_corpus/timit_wav8000htkfeature/mwch0_si1895.htk
mwch0 ../../TIMIT_corpus/timit_wav8000htkfeature/mwch0_si2252.htk
mwch0 ../../TIMIT_corpus/timit_wav8000htkfeature/mwch0_sx182.htk
mwch0 ../../TIMIT_corpus/timit_wav8000htkfeature/mwch0_sx272.htk
mwch0 ../../TIMIT_corpus/timit_wav8000htkfeature/mwch0_sx362.htk
mwch0 ../../TIMIT_corpus/timit_wav8000htkfeature/mwch0_sx452.htk
mwdk0 ../../TIMIT_corpus/timit_wav8000htkfeature/mwdk0_sa1.htk
mwdk0 ../../TIMIT_corpus/timit_wav8000htkfeature/mwdk0_sa2.htk
mwdk0 ../../TIMIT_corpus/timit_wav8000htkfeature/mwdk0_si1436.htk
mwdk0 ../../TIMIT_corpus/timit_wav8000htkfeature/mwdk0_si2017.htk
mwdk0 ../../TIMIT_corpus/timit_wav8000htkfeature/mwdk0_si806.htk
mwdk0 ../../TIMIT_corpus/timit_wav8000htkfeature/mwdk0_sx176.htk
mwdk0 ../../TIMIT_corpus/timit_wav8000htkfeature/mwdk0_sx266.htk
mwdk0 ../../TIMIT_corpus/timit_wav8000htkfeature/mwdk0_sx356.htk
mwdk0 ../../TIMIT_corpus/timit_wav8000htkfeature/mwdk0_sx446.htk
mwem0 ../../TIMIT_corpus/timit_wav8000htkfeature/mwem0_sa1.htk
mwem0 ../../TIMIT_corpus/timit_wav8000htkfeature/mwem0_sa2.htk
mwem0 ../../TIMIT_corpus/timit_wav8000htkfeature/mwem0_si1320.htk
mwem0 ../../TIMIT_corpus/timit_wav8000htkfeature/mwem0_si1393.htk
mwem0 ../../TIMIT_corpus/timit_wav8000htkfeature/mwem0_si1950.htk
mwem0 ../../TIMIT_corpus/timit_wav8000htkfeature/mwem0_sx150.htk
mwem0 ../../TIMIT_corpus/timit_wav8000htkfeature/mwem0_sx240.htk
mwem0 ../../TIMIT_corpus/timit_wav8000htkfeature/mwem0_sx330.htk
mwem0 ../../TIMIT_corpus/timit_wav8000htkfeature/mwem0_sx420.htk
mwew0 ../../TIMIT_corpus/timit_wav8000htkfeature/mwew0_sa1.htk
mwew0 ../../TIMIT_corpus/timit_wav8000htkfeature/mwew0_sa2.htk
mwew0 ../../TIMIT_corpus/timit_wav8000htkfeature/mwew0_si1361.htk
mwew0 ../../TIMIT_corpus/timit_wav8000htkfeature/mwew0_si1991.htk
mwew0 ../../TIMIT_corpus/timit_wav8000htkfeature/mwew0_si731.htk
mwew0 ../../TIMIT_corpus/timit_wav8000htkfeature/mwew0_sx101.htk
mwew0 ../../TIMIT_corpus/timit_wav8000htkfeature/mwew0_sx11.htk
mwew0 ../../TIMIT_corpus/timit_wav8000htkfeature/mwew0_sx191.htk
mwew0 ../../TIMIT_corpus/timit_wav8000htkfeature/mwew0_sx281.htk
mwgr0 ../../TIMIT_corpus/timit_wav8000htkfeature/mwgr0_sa1.htk
mwgr0 ../../TIMIT_corpus/timit_wav8000htkfeature/mwgr0_sa2.htk
mwgr0 ../../TIMIT_corpus/timit_wav8000htkfeature/mwgr0_si1606.htk
mwgr0 ../../TIMIT_corpus/timit_wav8000htkfeature/mwgr0_si2236.htk
mwgr0 ../../TIMIT_corpus/timit_wav8000htkfeature/mwgr0_si976.htk
mwgr0 ../../TIMIT_corpus/timit_wav8000htkfeature/mwgr0_sx166.htk
mwgr0 ../../TIMIT_corpus/timit_wav8000htkfeature/mwgr0_sx256.htk
mwgr0 ../../TIMIT_corpus/timit_wav8000htkfeature/mwgr0_sx346.htk
mwgr0 ../../TIMIT_corpus/timit_wav8000htkfeature/mwgr0_sx436.htk
mwjg0 ../../TIMIT_corpus/timit_wav8000htkfeature/mwjg0_sa1.htk
mwjg0 ../../TIMIT_corpus/timit_wav8000htkfeature/mwjg0_sa2.htk
mwjg0 ../../TIMIT_corpus/timit_wav8000htkfeature/mwjg0_si1124.htk
mwjg0 ../../TIMIT_corpus/timit_wav8000htkfeature/mwjg0_si1754.htk
mwjg0 ../../TIMIT_corpus/timit_wav8000htkfeature/mwjg0_si494.htk
mwjg0 ../../TIMIT_corpus/timit_wav8000htkfeature/mwjg0_sx134.htk
mwjg0 ../../TIMIT_corpus/timit_wav8000htkfeature/mwjg0_sx224.htk
mwjg0 ../../TIMIT_corpus/timit_wav8000htkfeature/mwjg0_sx314.htk
mwjg0 ../../TIMIT_corpus/timit_wav8000htkfeature/mwjg0_sx404.htk
mwre0 ../../TIMIT_corpus/timit_wav8000htkfeature/mwre0_sa1.htk
mwre0 ../../TIMIT_corpus/timit_wav8000htkfeature/mwre0_sa2.htk
mwre0 ../../TIMIT_corpus/timit_wav8000htkfeature/mwre0_si1057.htk
mwre0 ../../TIMIT_corpus/timit_wav8000htkfeature/mwre0_si1687.htk
mwre0 ../../TIMIT_corpus/timit_wav8000htkfeature/mwre0_si2317.htk
mwre0 ../../TIMIT_corpus/timit_wav8000htkfeature/mwre0_sx157.htk
mwre0 ../../TIMIT_corpus/timit_wav8000htkfeature/mwre0_sx247.htk
mwre0 ../../TIMIT_corpus/timit_wav8000htkfeature/mwre0_sx337.htk
mwre0 ../../TIMIT_corpus/timit_wav8000htkfeature/mwre0_sx427.htk
mwrp0 ../../TIMIT_corpus/timit_wav8000htkfeature/mwrp0_sa1.htk
mwrp0 ../../TIMIT_corpus/timit_wav8000htkfeature/mwrp0_sa2.htk
mwrp0 ../../TIMIT_corpus/timit_wav8000htkfeature/mwrp0_si1443.htk
mwrp0 ../../TIMIT_corpus/timit_wav8000htkfeature/mwrp0_si1525.htk
mwrp0 ../../TIMIT_corpus/timit_wav8000htkfeature/mwrp0_si2073.htk
mwrp0 ../../TIMIT_corpus/timit_wav8000htkfeature/mwrp0_sx183.htk
mwrp0 ../../TIMIT_corpus/timit_wav8000htkfeature/mwrp0_sx273.htk
mwrp0 ../../TIMIT_corpus/timit_wav8000htkfeature/mwrp0_sx3.htk
mwrp0 ../../TIMIT_corpus/timit_wav8000htkfeature/mwrp0_sx363.htk
mwsb0 ../../TIMIT_corpus/timit_wav8000htkfeature/mwsb0_sa1.htk
mwsb0 ../../TIMIT_corpus/timit_wav8000htkfeature/mwsb0_sa2.htk
mwsb0 ../../TIMIT_corpus/timit_wav8000htkfeature/mwsb0_si1626.htk
mwsb0 ../../TIMIT_corpus/timit_wav8000htkfeature/mwsb0_si2256.htk
mwsb0 ../../TIMIT_corpus/timit_wav8000htkfeature/mwsb0_si996.htk
mwsb0 ../../TIMIT_corpus/timit_wav8000htkfeature/mwsb0_sx186.htk
mwsb0 ../../TIMIT_corpus/timit_wav8000htkfeature/mwsb0_sx276.htk
mwsb0 ../../TIMIT_corpus/timit_wav8000htkfeature/mwsb0_sx366.htk
mwsb0 ../../TIMIT_corpus/timit_wav8000htkfeature/mwsb0_sx6.htk
mwsh0 ../../TIMIT_corpus/timit_wav8000htkfeature/mwsh0_sa1.htk
mwsh0 ../../TIMIT_corpus/timit_wav8000htkfeature/mwsh0_sa2.htk
mwsh0 ../../TIMIT_corpus/timit_wav8000htkfeature/mwsh0_si1426.htk
mwsh0 ../../TIMIT_corpus/timit_wav8000htkfeature/mwsh0_si2266.htk
mwsh0 ../../TIMIT_corpus/timit_wav8000htkfeature/mwsh0_si796.htk
mwsh0 ../../TIMIT_corpus/timit_wav8000htkfeature/mwsh0_sx166.htk
mwsh0 ../../TIMIT_corpus/timit_wav8000htkfeature/mwsh0_sx256.htk
mwsh0 ../../TIMIT_corpus/timit_wav8000htkfeature/mwsh0_sx346.htk
mwsh0 ../../TIMIT_corpus/timit_wav8000htkfeature/mwsh0_sx436.htk
mwvw0 ../../TIMIT_corpus/timit_wav8000htkfeature/mwvw0_sa1.htk
mwvw0 ../../TIMIT_corpus/timit_wav8000htkfeature/mwvw0_sa2.htk
mwvw0 ../../TIMIT_corpus/timit_wav8000htkfeature/mwvw0_si1476.htk
mwvw0 ../../TIMIT_corpus/timit_wav8000htkfeature/mwvw0_si2106.htk
mwvw0 ../../TIMIT_corpus/timit_wav8000htkfeature/mwvw0_si846.htk
mwvw0 ../../TIMIT_corpus/timit_wav8000htkfeature/mwvw0_sx126.htk
mwvw0 ../../TIMIT_corpus/timit_wav8000htkfeature/mwvw0_sx216.htk
mwvw0 ../../TIMIT_corpus/timit_wav8000htkfeature/mwvw0_sx306.htk
mwvw0 ../../TIMIT_corpus/timit_wav8000htkfeature/mwvw0_sx36.htk
mzmb0 ../../TIMIT_corpus/timit_wav8000htkfeature/mzmb0_sa1.htk
mzmb0 ../../TIMIT_corpus/timit_wav8000htkfeature/mzmb0_sa2.htk
mzmb0 ../../TIMIT_corpus/timit_wav8000htkfeature/mzmb0_si1166.htk
mzmb0 ../../TIMIT_corpus/timit_wav8000htkfeature/mzmb0_si1796.htk
mzmb0 ../../TIMIT_corpus/timit_wav8000htkfeature/mzmb0_si536.htk
mzmb0 ../../TIMIT_corpus/timit_wav8000htkfeature/mzmb0_sx176.htk
mzmb0 ../../TIMIT_corpus/timit_wav8000htkfeature/mzmb0_sx266.htk
mzmb0 ../../TIMIT_corpus/timit_wav8000htkfeature/mzmb0_sx356.htk
mzmb0 ../../TIMIT_corpus/timit_wav8000htkfeature/mzmb0_sx446.htk
